<?xml version="1.0" encoding="UTF-8"?>
<testng-results skipped="0" failed="0" total="1" passed="1">
  <reporter-output>
  </reporter-output>
  <suite name="Default suite" duration-ms="25381" started-at="2020-07-20T13:54:26Z" finished-at="2020-07-20T13:54:52Z">
    <groups>
    </groups>
    <test name="Default test" duration-ms="25381" started-at="2020-07-20T13:54:26Z" finished-at="2020-07-20T13:54:52Z">
      <class name="com.cc.startup.Startup">
        <test-method status="PASS" signature="RuntestSuite()[pri:0, instance:com.cc.startup.Startup@13805618]" name="RuntestSuite" duration-ms="25355" started-at="2020-07-20T19:24:26Z" finished-at="2020-07-20T19:24:52Z">
          <reporter-output>
          </reporter-output>
        </test-method> <!-- RuntestSuite -->
      </class> <!-- com.cc.startup.Startup -->
    </test> <!-- Default test -->
  </suite> <!-- Default suite -->
</testng-results>
